<?xml version="1.0" encoding="UTF-8"?>
<testng-results ignored="0" total="10" passed="8" failed="2" skipped="0">
  <reporter-output>
  </reporter-output>
  <suite started-at="2021-01-14T20:16:14 EST" name="Surefire suite" finished-at="2021-01-14T20:19:17 EST" duration-ms="182979">
    <groups>
      <group name="cucumber">
        <method signature="AbstractTestNGCucumberTests.runScenario(io.cucumber.testng.PickleWrapper, io.cucumber.testng.FeatureWrapper)[pri:0, instance:fedex.RunnerTest.FedExRunner$RunCucumberTest@399c4be1]" name="runScenario" class="io.cucumber.testng.AbstractTestNGCucumberTests"/>
      </group> <!-- cucumber -->
    </groups>
    <test started-at="2021-01-14T20:16:14 EST" name="Surefire test" finished-at="2021-01-14T20:19:17 EST" duration-ms="182979">
      <class name="fedex.RunnerTest.FedExRunner$RunCucumberTest">
        <test-method is-config="true" signature="setUpClass()[pri:0, instance:fedex.RunnerTest.FedExRunner$RunCucumberTest@399c4be1]" started-at="2021-01-14T20:16:14 EST" name="setUpClass" finished-at="2021-01-14T20:16:15 EST" duration-ms="891" status="PASS">
          <reporter-output>
          </reporter-output>
        </test-method> <!-- setUpClass -->
        <test-method signature="runScenario(io.cucumber.testng.PickleWrapper, io.cucumber.testng.FeatureWrapper)[pri:0, instance:fedex.RunnerTest.FedExRunner$RunCucumberTest@399c4be1]" started-at="2021-01-14T20:16:15 EST" name="runScenario" description="Runs Cucumber Scenarios" data-provider="scenarios" finished-at="2021-01-14T20:16:32 EST" duration-ms="16522" status="PASS">
          <params>
            <param index="0">
              <value>
                <![CDATA["As a user , customer should be able to see cupon pdf file"]]>
              </value>
            </param>
            <param index="1">
              <value>
                <![CDATA["verify Cupon pdf feature"]]>
              </value>
            </param>
          </params>
          <reporter-output>
          </reporter-output>
        </test-method> <!-- runScenario -->
        <test-method signature="runScenario(io.cucumber.testng.PickleWrapper, io.cucumber.testng.FeatureWrapper)[pri:0, instance:fedex.RunnerTest.FedExRunner$RunCucumberTest@399c4be1]" started-at="2021-01-14T20:16:32 EST" name="runScenario" description="Runs Cucumber Scenarios" data-provider="scenarios" finished-at="2021-01-14T20:16:50 EST" duration-ms="17855" status="PASS">
          <params>
            <param index="0">
              <value>
                <![CDATA["As a user , customer should be able to verify profile after create a print profile"]]>
              </value>
            </param>
            <param index="1">
              <value>
                <![CDATA["Verify create a print profile"]]>
              </value>
            </param>
          </params>
          <reporter-output>
          </reporter-output>
        </test-method> <!-- runScenario -->
        <test-method signature="runScenario(io.cucumber.testng.PickleWrapper, io.cucumber.testng.FeatureWrapper)[pri:0, instance:fedex.RunnerTest.FedExRunner$RunCucumberTest@399c4be1]" started-at="2021-01-14T20:16:50 EST" name="runScenario" description="Runs Cucumber Scenarios" data-provider="scenarios" finished-at="2021-01-14T20:16:58 EST" duration-ms="8705" status="PASS">
          <params>
            <param index="0">
              <value>
                <![CDATA["As a user , Customer should be able to Login successfully"]]>
              </value>
            </param>
            <param index="1">
              <value>
                <![CDATA["Verify Login page"]]>
              </value>
            </param>
          </params>
          <reporter-output>
          </reporter-output>
        </test-method> <!-- runScenario -->
        <test-method signature="runScenario(io.cucumber.testng.PickleWrapper, io.cucumber.testng.FeatureWrapper)[pri:0, instance:fedex.RunnerTest.FedExRunner$RunCucumberTest@399c4be1]" started-at="2021-01-14T20:16:58 EST" name="runScenario" description="Runs Cucumber Scenarios" data-provider="scenarios" finished-at="2021-01-14T20:17:12 EST" duration-ms="13755" status="PASS">
          <params>
            <param index="0">
              <value>
                <![CDATA["As a user I should be able change Language as I need"]]>
              </value>
            </param>
            <param index="1">
              <value>
                <![CDATA["Verify Language Chnage"]]>
              </value>
            </param>
          </params>
          <reporter-output>
          </reporter-output>
        </test-method> <!-- runScenario -->
        <test-method signature="runScenario(io.cucumber.testng.PickleWrapper, io.cucumber.testng.FeatureWrapper)[pri:0, instance:fedex.RunnerTest.FedExRunner$RunCucumberTest@399c4be1]" started-at="2021-01-14T20:17:12 EST" name="runScenario" description="Runs Cucumber Scenarios" data-provider="scenarios" finished-at="2021-01-14T20:17:33 EST" duration-ms="20337" status="PASS">
          <params>
            <param index="0">
              <value>
                <![CDATA["As a user , customer should be able to go back from about page to hame page"]]>
              </value>
            </param>
            <param index="1">
              <value>
                <![CDATA["Verify navigate back and forth among pages"]]>
              </value>
            </param>
          </params>
          <reporter-output>
          </reporter-output>
        </test-method> <!-- runScenario -->
        <test-method signature="runScenario(io.cucumber.testng.PickleWrapper, io.cucumber.testng.FeatureWrapper)[pri:0, instance:fedex.RunnerTest.FedExRunner$RunCucumberTest@399c4be1]" started-at="2021-01-14T20:17:33 EST" name="runScenario" description="Runs Cucumber Scenarios" data-provider="scenarios" finished-at="2021-01-14T20:17:46 EST" duration-ms="13149" status="PASS">
          <params>
            <param index="0">
              <value>
                <![CDATA["As a user, customer should be able to Search tracking number in search icon"]]>
              </value>
            </param>
            <param index="1">
              <value>
                <![CDATA["Verify Search icon"]]>
              </value>
            </param>
          </params>
          <reporter-output>
          </reporter-output>
        </test-method> <!-- runScenario -->
        <test-method signature="runScenario(io.cucumber.testng.PickleWrapper, io.cucumber.testng.FeatureWrapper)[pri:0, instance:fedex.RunnerTest.FedExRunner$RunCucumberTest@399c4be1]" started-at="2021-01-14T20:17:46 EST" name="runScenario" description="Runs Cucumber Scenarios" data-provider="scenarios" finished-at="2021-01-14T20:18:25 EST" duration-ms="39620" status="FAIL">
          <params>
            <param index="0">
              <value>
                <![CDATA["As a user I should be able to find price options for shipments."]]>
              </value>
            </param>
            <param index="1">
              <value>
                <![CDATA["Verify price quotes and available options for shipments"]]>
              </value>
            </param>
          </params>
          <exception class="org.openqa.selenium.NoSuchElementException">
            <message>
              <![CDATA[no such element: Unable to locate element: {"method":"xpath","selector":"//*[@id="shippingToResidenceAddressLabel"]"}
  (Session info: chrome=87.0.4280.141)
For documentation on this error, please visit: https://www.seleniumhq.org/exceptions/no_such_element.html
Build info: version: '3.141.59', revision: 'e82be7d358', time: '2018-11-14T08:17:03'
System info: host: 'LAPTOP-PJGQ8E5S', ip: '192.168.1.165', os.name: 'Windows 10', os.arch: 'amd64', os.version: '10.0', java.version: '15.0.1'
Driver info: org.openqa.selenium.chrome.ChromeDriver
Capabilities {acceptInsecureCerts: false, browserName: chrome, browserVersion: 87.0.4280.141, chrome: {chromedriverVersion: 87.0.4280.88 (89e2380a3e36c..., userDataDir: C:\Users\Hasan\AppData\Loca...}, goog:chromeOptions: {debuggerAddress: localhost:51294}, javascriptEnabled: true, networkConnectionEnabled: false, pageLoadStrategy: normal, platform: WINDOWS, platformName: WINDOWS, proxy: Proxy(), setWindowRect: true, strictFileInteractability: false, timeouts: {implicit: 0, pageLoad: 300000, script: 30000}, unhandledPromptBehavior: dismiss and notify, webauthn:virtualAuthenticators: true}
Session ID: 814863873f6097af3137b74f3d34f477
*** Element info: {Using=xpath, value=//*[@id="shippingToResidenceAddressLabel"]}]]>
            </message>
            <full-stacktrace>
              <![CDATA[org.openqa.selenium.NoSuchElementException: no such element: Unable to locate element: {"method":"xpath","selector":"//*[@id="shippingToResidenceAddressLabel"]"}
  (Session info: chrome=87.0.4280.141)
For documentation on this error, please visit: https://www.seleniumhq.org/exceptions/no_such_element.html
Build info: version: '3.141.59', revision: 'e82be7d358', time: '2018-11-14T08:17:03'
System info: host: 'LAPTOP-PJGQ8E5S', ip: '192.168.1.165', os.name: 'Windows 10', os.arch: 'amd64', os.version: '10.0', java.version: '15.0.1'
Driver info: org.openqa.selenium.chrome.ChromeDriver
Capabilities {acceptInsecureCerts: false, browserName: chrome, browserVersion: 87.0.4280.141, chrome: {chromedriverVersion: 87.0.4280.88 (89e2380a3e36c..., userDataDir: C:\Users\Hasan\AppData\Loca...}, goog:chromeOptions: {debuggerAddress: localhost:51294}, javascriptEnabled: true, networkConnectionEnabled: false, pageLoadStrategy: normal, platform: WINDOWS, platformName: WINDOWS, proxy: Proxy(), setWindowRect: true, strictFileInteractability: false, timeouts: {implicit: 0, pageLoad: 300000, script: 30000}, unhandledPromptBehavior: dismiss and notify, webauthn:virtualAuthenticators: true}
Session ID: 814863873f6097af3137b74f3d34f477
*** Element info: {Using=xpath, value=//*[@id="shippingToResidenceAddressLabel"]}
at java.base/jdk.internal.reflect.NativeConstructorAccessorImpl.newInstance0(Native Method)
at java.base/jdk.internal.reflect.NativeConstructorAccessorImpl.newInstance(NativeConstructorAccessorImpl.java:64)
at java.base/jdk.internal.reflect.DelegatingConstructorAccessorImpl.newInstance(DelegatingConstructorAccessorImpl.java:45)
at java.base/java.lang.reflect.Constructor.newInstanceWithCaller(Constructor.java:500)
at java.base/java.lang.reflect.Constructor.newInstance(Constructor.java:481)
at org.openqa.selenium.remote.http.W3CHttpResponseCodec.createException(W3CHttpResponseCodec.java:187)
at org.openqa.selenium.remote.http.W3CHttpResponseCodec.decode(W3CHttpResponseCodec.java:122)
at org.openqa.selenium.remote.http.W3CHttpResponseCodec.decode(W3CHttpResponseCodec.java:49)
at org.openqa.selenium.remote.HttpCommandExecutor.execute(HttpCommandExecutor.java:158)
at org.openqa.selenium.remote.service.DriverCommandExecutor.execute(DriverCommandExecutor.java:83)
at org.openqa.selenium.remote.RemoteWebDriver.execute(RemoteWebDriver.java:552)
at org.openqa.selenium.remote.RemoteWebDriver.findElement(RemoteWebDriver.java:323)
at org.openqa.selenium.remote.RemoteWebDriver.findElementByXPath(RemoteWebDriver.java:428)
at org.openqa.selenium.By$ByXPath.findElement(By.java:353)
at org.openqa.selenium.remote.RemoteWebDriver.findElement(RemoteWebDriver.java:315)
at org.openqa.selenium.support.pagefactory.DefaultElementLocator.findElement(DefaultElementLocator.java:69)
at org.openqa.selenium.support.pagefactory.internal.LocatingElementHandler.invoke(LocatingElementHandler.java:38)
at com.sun.proxy.$Proxy22.isDisplayed(Unknown Source)
at fedex.Actions.ShipRateActions.check(ShipRateActions.java:56)
at fedex.StepDefinition.ShipRateStepDef.click_on_checkbox(ShipRateStepDef.java:26)
at ✽.click on checkbox(file:///C:/Users/Hasan/git/FedExFortNiteProject/FedExProjectFN/src/test/resources/Features/ShipRate.feature:7)
]]>
            </full-stacktrace>
          </exception> <!-- org.openqa.selenium.NoSuchElementException -->
          <reporter-output>
          </reporter-output>
        </test-method> <!-- runScenario -->
        <test-method signature="runScenario(io.cucumber.testng.PickleWrapper, io.cucumber.testng.FeatureWrapper)[pri:0, instance:fedex.RunnerTest.FedExRunner$RunCucumberTest@399c4be1]" started-at="2021-01-14T20:18:25 EST" name="runScenario" description="Runs Cucumber Scenarios" data-provider="scenarios" finished-at="2021-01-14T20:18:50 EST" duration-ms="24250" status="FAIL">
          <params>
            <param index="0">
              <value>
                <![CDATA["As a user, customer should be able to land on Create FedEx shipment page"]]>
              </value>
            </param>
            <param index="1">
              <value>
                <![CDATA["FedEx Shipping page validation"]]>
              </value>
            </param>
          </params>
          <exception class="org.openqa.selenium.NoSuchElementException">
            <message>
              <![CDATA[no such element: Unable to locate element: {"method":"xpath","selector":"/html/body/div[2]/div[2]/div[1]/div[4]/div/div[2]/div[13]/div/a"}
  (Session info: chrome=87.0.4280.141)
For documentation on this error, please visit: https://www.seleniumhq.org/exceptions/no_such_element.html
Build info: version: '3.141.59', revision: 'e82be7d358', time: '2018-11-14T08:17:03'
System info: host: 'LAPTOP-PJGQ8E5S', ip: '192.168.1.165', os.name: 'Windows 10', os.arch: 'amd64', os.version: '10.0', java.version: '15.0.1'
Driver info: org.openqa.selenium.chrome.ChromeDriver
Capabilities {acceptInsecureCerts: false, browserName: chrome, browserVersion: 87.0.4280.141, chrome: {chromedriverVersion: 87.0.4280.88 (89e2380a3e36c..., userDataDir: C:\Users\Hasan\AppData\Loca...}, goog:chromeOptions: {debuggerAddress: localhost:51352}, javascriptEnabled: true, networkConnectionEnabled: false, pageLoadStrategy: normal, platform: WINDOWS, platformName: WINDOWS, proxy: Proxy(), setWindowRect: true, strictFileInteractability: false, timeouts: {implicit: 0, pageLoad: 300000, script: 30000}, unhandledPromptBehavior: dismiss and notify, webauthn:virtualAuthenticators: true}
Session ID: f56fee88acd7235a099cb642e72d6d3b
*** Element info: {Using=xpath, value=/html/body/div[2]/div[2]/div[1]/div[4]/div/div[2]/div[13]/div/a}]]>
            </message>
            <full-stacktrace>
              <![CDATA[org.openqa.selenium.NoSuchElementException: no such element: Unable to locate element: {"method":"xpath","selector":"/html/body/div[2]/div[2]/div[1]/div[4]/div/div[2]/div[13]/div/a"}
  (Session info: chrome=87.0.4280.141)
For documentation on this error, please visit: https://www.seleniumhq.org/exceptions/no_such_element.html
Build info: version: '3.141.59', revision: 'e82be7d358', time: '2018-11-14T08:17:03'
System info: host: 'LAPTOP-PJGQ8E5S', ip: '192.168.1.165', os.name: 'Windows 10', os.arch: 'amd64', os.version: '10.0', java.version: '15.0.1'
Driver info: org.openqa.selenium.chrome.ChromeDriver
Capabilities {acceptInsecureCerts: false, browserName: chrome, browserVersion: 87.0.4280.141, chrome: {chromedriverVersion: 87.0.4280.88 (89e2380a3e36c..., userDataDir: C:\Users\Hasan\AppData\Loca...}, goog:chromeOptions: {debuggerAddress: localhost:51352}, javascriptEnabled: true, networkConnectionEnabled: false, pageLoadStrategy: normal, platform: WINDOWS, platformName: WINDOWS, proxy: Proxy(), setWindowRect: true, strictFileInteractability: false, timeouts: {implicit: 0, pageLoad: 300000, script: 30000}, unhandledPromptBehavior: dismiss and notify, webauthn:virtualAuthenticators: true}
Session ID: f56fee88acd7235a099cb642e72d6d3b
*** Element info: {Using=xpath, value=/html/body/div[2]/div[2]/div[1]/div[4]/div/div[2]/div[13]/div/a}
at java.base/jdk.internal.reflect.NativeConstructorAccessorImpl.newInstance0(Native Method)
at java.base/jdk.internal.reflect.NativeConstructorAccessorImpl.newInstance(NativeConstructorAccessorImpl.java:64)
at java.base/jdk.internal.reflect.DelegatingConstructorAccessorImpl.newInstance(DelegatingConstructorAccessorImpl.java:45)
at java.base/java.lang.reflect.Constructor.newInstanceWithCaller(Constructor.java:500)
at java.base/java.lang.reflect.Constructor.newInstance(Constructor.java:481)
at org.openqa.selenium.remote.http.W3CHttpResponseCodec.createException(W3CHttpResponseCodec.java:187)
at org.openqa.selenium.remote.http.W3CHttpResponseCodec.decode(W3CHttpResponseCodec.java:122)
at org.openqa.selenium.remote.http.W3CHttpResponseCodec.decode(W3CHttpResponseCodec.java:49)
at org.openqa.selenium.remote.HttpCommandExecutor.execute(HttpCommandExecutor.java:158)
at org.openqa.selenium.remote.service.DriverCommandExecutor.execute(DriverCommandExecutor.java:83)
at org.openqa.selenium.remote.RemoteWebDriver.execute(RemoteWebDriver.java:552)
at org.openqa.selenium.remote.RemoteWebDriver.findElement(RemoteWebDriver.java:323)
at org.openqa.selenium.remote.RemoteWebDriver.findElementByXPath(RemoteWebDriver.java:428)
at org.openqa.selenium.By$ByXPath.findElement(By.java:353)
at org.openqa.selenium.remote.RemoteWebDriver.findElement(RemoteWebDriver.java:315)
at org.openqa.selenium.support.pagefactory.DefaultElementLocator.findElement(DefaultElementLocator.java:69)
at org.openqa.selenium.support.pagefactory.internal.LocatingElementHandler.invoke(LocatingElementHandler.java:38)
at com.sun.proxy.$Proxy22.click(Unknown Source)
at fedex.Actions.ShippingActions.clickCreateShipmentLevel(ShippingActions.java:29)
at fedex.StepDefinition.ShippingStepDef.clicks_on_creating_a_shipping_level(ShippingStepDef.java:26)
at ✽.clicks on creating a shipping level(file:///C:/Users/Hasan/git/FedExFortNiteProject/FedExProjectFN/src/test/resources/Features/Shipping.feature:6)
]]>
            </full-stacktrace>
          </exception> <!-- org.openqa.selenium.NoSuchElementException -->
          <reporter-output>
          </reporter-output>
        </test-method> <!-- runScenario -->
        <test-method signature="runScenario(io.cucumber.testng.PickleWrapper, io.cucumber.testng.FeatureWrapper)[pri:0, instance:fedex.RunnerTest.FedExRunner$RunCucumberTest@399c4be1]" started-at="2021-01-14T20:18:50 EST" name="runScenario" description="Runs Cucumber Scenarios" data-provider="scenarios" finished-at="2021-01-14T20:19:06 EST" duration-ms="16487" status="PASS">
          <params>
            <param index="0">
              <value>
                <![CDATA["As a user, customer should be able to fillup FedEx signup Page"]]>
              </value>
            </param>
            <param index="1">
              <value>
                <![CDATA["FedEx signup Page test"]]>
              </value>
            </param>
          </params>
          <reporter-output>
          </reporter-output>
        </test-method> <!-- runScenario -->
        <test-method signature="runScenario(io.cucumber.testng.PickleWrapper, io.cucumber.testng.FeatureWrapper)[pri:0, instance:fedex.RunnerTest.FedExRunner$RunCucumberTest@399c4be1]" started-at="2021-01-14T20:19:06 EST" name="runScenario" description="Runs Cucumber Scenarios" data-provider="scenarios" finished-at="2021-01-14T20:19:16 EST" duration-ms="10394" status="PASS">
          <params>
            <param index="0">
              <value>
                <![CDATA["As a user, customer should be able to Track a Shipment"]]>
              </value>
            </param>
            <param index="1">
              <value>
                <![CDATA["Tracking progress of shipment"]]>
              </value>
            </param>
          </params>
          <reporter-output>
          </reporter-output>
        </test-method> <!-- runScenario -->
        <test-method is-config="true" signature="tearDownClass()[pri:0, instance:fedex.RunnerTest.FedExRunner$RunCucumberTest@399c4be1]" started-at="2021-01-14T20:19:16 EST" name="tearDownClass" finished-at="2021-01-14T20:19:17 EST" duration-ms="940" status="PASS">
          <reporter-output>
          </reporter-output>
        </test-method> <!-- tearDownClass -->
      </class> <!-- fedex.RunnerTest.FedExRunner$RunCucumberTest -->
    </test> <!-- Surefire test -->
  </suite> <!-- Surefire suite -->
</testng-results>
