<html>
<head>
<title>TestNG:  Surefire test</title>
<link href="../testng.css" rel="stylesheet" type="text/css" />
<link href="../my-testng.css" rel="stylesheet" type="text/css" />

<style type="text/css">
.log { display: none;} 
.stack-trace { display: none;} 
</style>
<script type="text/javascript">
<!--
function flip(e) {
  current = e.style.display;
  if (current == 'block') {
    e.style.display = 'none';
    return 0;
  }
  else {
    e.style.display = 'block';
    return 1;
  }
}

function toggleBox(szDivId, elem, msg1, msg2)
{
  var res = -1;  if (document.getElementById) {
    res = flip(document.getElementById(szDivId));
  }
  else if (document.all) {
    // this is the way old msie versions work
    res = flip(document.all[szDivId]);
  }
  if(elem) {
    if(res == 0) elem.innerHTML = msg1; else elem.innerHTML = msg2;
  }

}

function toggleAllBoxes() {
  if (document.getElementsByTagName) {
    d = document.getElementsByTagName('div');
    for (i = 0; i < d.length; i++) {
      if (d[i].className == 'log') {
        flip(d[i]);
      }
    }
  }
}

// -->
</script>

</head>
<body>
<h2 align='center'>Surefire test</h2><table border='1' align="center">
<tr>
<td>Tests passed/Failed/Skipped:</td><td>6/1/0</td>
</tr><tr>
<td>Started on:</td><td>Thu Jan 14 18:54:04 EST 2021</td>
</tr>
<tr><td>Total time:</td><td>269 seconds (269741 ms)</td>
</tr><tr>
<td>Included groups:</td><td></td>
</tr><tr>
<td>Excluded groups:</td><td></td>
</tr>
</table><p/>
<small><i>(Hover the method name to see the test class name)</i></small><p/>
<table width='100%' border='1' class='invocation-failed'>
<tr><td colspan='4' align='center'><b>FAILED TESTS</b></td></tr>
<tr><td><b>Test method</b></td>
<td width="30%"><b>Exception</b></td>
<td width="10%"><b>Time (seconds)</b></td>
<td><b>Instance</b></td>
</tr>
<tr>
<td title='fedex.RunnerTest.FedExRunner$RunCucumberTest.runScenario()'><b>runScenario</b><br>Test class: fedex.RunnerTest.FedExRunner$RunCucumberTest<br>Test method: Runs Cucumber Scenarios<br>Parameters: "As a user I should be able to find price options for shipments.", "Verify price quotes and available options for shipments"</td>
<td><div><pre>org.openqa.selenium.NoSuchElementException: no such element: Unable to locate element: {&quot;method&quot;:&quot;xpath&quot;,&quot;selector&quot;:&quot;//*[@id=&quot;shippingToResidenceAddressLabel&quot;]&quot;}
  (Session info: chrome=87.0.4280.141)
For documentation on this error, please visit: https://www.seleniumhq.org/exceptions/no_such_element.html
Build info: version: &apos;3.141.59&apos;, revision: &apos;e82be7d358&apos;, time: &apos;2018-11-14T08:17:03&apos;
System info: host: &apos;AHADUJJAMAN&apos;, ip: &apos;192.168.1.206&apos;, os.name: &apos;Windows 10&apos;, os.arch: &apos;amd64&apos;, os.version: &apos;10.0&apos;, java.version: &apos;1.8.0_111&apos;
Driver info: org.openqa.selenium.chrome.ChromeDriver
Capabilities {acceptInsecureCerts: false, browserName: chrome, browserVersion: 87.0.4280.141, chrome: {chromedriverVersion: 87.0.4280.88 (89e2380a3e36c..., userDataDir: C:\Users\RONY\AppData\Local...}, goog:chromeOptions: {debuggerAddress: localhost:7417}, javascriptEnabled: true, networkConnectionEnabled: false, pageLoadStrategy: normal, platform: WINDOWS, platformName: WINDOWS, proxy: Proxy(), setWindowRect: true, strictFileInteractability: false, timeouts: {implicit: 0, pageLoad: 300000, script: 30000}, unhandledPromptBehavior: dismiss and notify, webauthn:virtualAuthenticators: true}
Session ID: 4bb4f11053252063b790d9bb57180187
*** Element info: {Using=xpath, value=//*[@id=&quot;shippingToResidenceAddressLabel&quot;]}
	at org.openqa.selenium.remote.http.W3CHttpResponseCodec.createException(W3CHttpResponseCodec.java:187)
	at org.openqa.selenium.remote.http.W3CHttpResponseCodec.decode(W3CHttpResponseCodec.java:122)
	at org.openqa.selenium.remote.http.W3CHttpResponseCodec.decode(W3CHttpResponseCodec.java:49)
	at org.openqa.selenium.remote.HttpCommandExecutor.execute(HttpCommandExecutor.java:158)
	at org.openqa.selenium.remote.service.DriverCommandExecutor.execute(DriverCommandExecutor.java:83)
	at org.openqa.selenium.remote.RemoteWebDriver.execute(RemoteWebDriver.java:552)
	at org.openqa.selenium.remote.RemoteWebDriver.findElement(RemoteWebDriver.java:323)
	at org.openqa.selenium.remote.RemoteWebDriver.findElementByXPath(RemoteWebDriver.java:428)
	at org.openqa.selenium.By$ByXPath.findElement(By.java:353)
	at org.openqa.selenium.remote.RemoteWebDriver.findElement(RemoteWebDriver.java:315)
	at org.openqa.selenium.support.pagefactory.DefaultElementLocator.findElement(DefaultElementLocator.java:69)
	at org.openqa.selenium.support.pagefactory.internal.LocatingElementHandler.invoke(LocatingElementHandler.java:38)
	at com.sun.proxy.$Proxy21.isDisplayed(Unknown Source)
	at fedex.Actions.ShipRateActions.check(ShipRateActions.java:56)
	at fedex.StepDefinition.ShipRateStepDef.click_on_checkbox(ShipRateStepDef.java:26)
	at ?.click on checkbox(file:///E:/TALEN%20TECH/Talentec%20Works/FedExProjectFN/src/test/resources/Features/ShipRate.feature:11)
... Removed 4 stack frames</pre></div><a href='#' onClick='toggleBox("stack-trace79092014", this, "Click to show all stack frames", "Click to hide stack frames")'>Click to show all stack frames</a>
<div class='stack-trace' id='stack-trace79092014'><pre>org.openqa.selenium.NoSuchElementException: no such element: Unable to locate element: {&quot;method&quot;:&quot;xpath&quot;,&quot;selector&quot;:&quot;//*[@id=&quot;shippingToResidenceAddressLabel&quot;]&quot;}
  (Session info: chrome=87.0.4280.141)
For documentation on this error, please visit: https://www.seleniumhq.org/exceptions/no_such_element.html
Build info: version: &apos;3.141.59&apos;, revision: &apos;e82be7d358&apos;, time: &apos;2018-11-14T08:17:03&apos;
System info: host: &apos;AHADUJJAMAN&apos;, ip: &apos;192.168.1.206&apos;, os.name: &apos;Windows 10&apos;, os.arch: &apos;amd64&apos;, os.version: &apos;10.0&apos;, java.version: &apos;1.8.0_111&apos;
Driver info: org.openqa.selenium.chrome.ChromeDriver
Capabilities {acceptInsecureCerts: false, browserName: chrome, browserVersion: 87.0.4280.141, chrome: {chromedriverVersion: 87.0.4280.88 (89e2380a3e36c..., userDataDir: C:\Users\RONY\AppData\Local...}, goog:chromeOptions: {debuggerAddress: localhost:7417}, javascriptEnabled: true, networkConnectionEnabled: false, pageLoadStrategy: normal, platform: WINDOWS, platformName: WINDOWS, proxy: Proxy(), setWindowRect: true, strictFileInteractability: false, timeouts: {implicit: 0, pageLoad: 300000, script: 30000}, unhandledPromptBehavior: dismiss and notify, webauthn:virtualAuthenticators: true}
Session ID: 4bb4f11053252063b790d9bb57180187
*** Element info: {Using=xpath, value=//*[@id=&quot;shippingToResidenceAddressLabel&quot;]}
	at sun.reflect.NativeConstructorAccessorImpl.newInstance0(Native Method)
	at sun.reflect.NativeConstructorAccessorImpl.newInstance(NativeConstructorAccessorImpl.java:62)
	at sun.reflect.DelegatingConstructorAccessorImpl.newInstance(DelegatingConstructorAccessorImpl.java:45)
	at java.lang.reflect.Constructor.newInstance(Constructor.java:423)
	at org.openqa.selenium.remote.http.W3CHttpResponseCodec.createException(W3CHttpResponseCodec.java:187)
	at org.openqa.selenium.remote.http.W3CHttpResponseCodec.decode(W3CHttpResponseCodec.java:122)
	at org.openqa.selenium.remote.http.W3CHttpResponseCodec.decode(W3CHttpResponseCodec.java:49)
	at org.openqa.selenium.remote.HttpCommandExecutor.execute(HttpCommandExecutor.java:158)
	at org.openqa.selenium.remote.service.DriverCommandExecutor.execute(DriverCommandExecutor.java:83)
	at org.openqa.selenium.remote.RemoteWebDriver.execute(RemoteWebDriver.java:552)
	at org.openqa.selenium.remote.RemoteWebDriver.findElement(RemoteWebDriver.java:323)
	at org.openqa.selenium.remote.RemoteWebDriver.findElementByXPath(RemoteWebDriver.java:428)
	at org.openqa.selenium.By$ByXPath.findElement(By.java:353)
	at org.openqa.selenium.remote.RemoteWebDriver.findElement(RemoteWebDriver.java:315)
	at org.openqa.selenium.support.pagefactory.DefaultElementLocator.findElement(DefaultElementLocator.java:69)
	at org.openqa.selenium.support.pagefactory.internal.LocatingElementHandler.invoke(LocatingElementHandler.java:38)
	at com.sun.proxy.$Proxy21.isDisplayed(Unknown Source)
	at fedex.Actions.ShipRateActions.check(ShipRateActions.java:56)
	at fedex.StepDefinition.ShipRateStepDef.click_on_checkbox(ShipRateStepDef.java:26)
	at ?.click on checkbox(file:///E:/TALEN%20TECH/Talentec%20Works/FedExProjectFN/src/test/resources/Features/ShipRate.feature:11)
</pre></div></td>
<td>41</td>
<td>fedex.RunnerTest.FedExRunner$RunCucumberTest@51cdd8a</td></tr>
</table><p>
<table width='100%' border='1' class='invocation-passed'>
<tr><td colspan='4' align='center'><b>PASSED TESTS</b></td></tr>
<tr><td><b>Test method</b></td>
<td width="30%"><b>Exception</b></td>
<td width="10%"><b>Time (seconds)</b></td>
<td><b>Instance</b></td>
</tr>
<tr>
<td title='fedex.RunnerTest.FedExRunner$RunCucumberTest.runScenario()'><b>runScenario</b><br>Test class: fedex.RunnerTest.FedExRunner$RunCucumberTest<br>Test method: Runs Cucumber Scenarios<br>Parameters: "As a user , I can see cupon pdf file", "verify Cupon pdf feature"</td>
<td></td>
<td>91</td>
<td>fedex.RunnerTest.FedExRunner$RunCucumberTest@51cdd8a</td></tr>
<tr>
<td title='fedex.RunnerTest.FedExRunner$RunCucumberTest.runScenario()'><b>runScenario</b><br>Test class: fedex.RunnerTest.FedExRunner$RunCucumberTest<br>Test method: Runs Cucumber Scenarios<br>Parameters: "As a user , I can verify profile after create a print profile", "Verify create a print profile"</td>
<td></td>
<td>37</td>
<td>fedex.RunnerTest.FedExRunner$RunCucumberTest@51cdd8a</td></tr>
<tr>
<td title='fedex.RunnerTest.FedExRunner$RunCucumberTest.runScenario()'><b>runScenario</b><br>Test class: fedex.RunnerTest.FedExRunner$RunCucumberTest<br>Test method: Runs Cucumber Scenarios<br>Parameters: "As a user I should be able change Language as I need", "Verify Language Chnage"</td>
<td></td>
<td>19</td>
<td>fedex.RunnerTest.FedExRunner$RunCucumberTest@51cdd8a</td></tr>
<tr>
<td title='fedex.RunnerTest.FedExRunner$RunCucumberTest.runScenario()'><b>runScenario</b><br>Test class: fedex.RunnerTest.FedExRunner$RunCucumberTest<br>Test method: Runs Cucumber Scenarios<br>Parameters: "As a user , I can able to go back from about page to hame page", "Verify navigate back and forth among pages"</td>
<td></td>
<td>33</td>
<td>fedex.RunnerTest.FedExRunner$RunCucumberTest@51cdd8a</td></tr>
<tr>
<td title='fedex.RunnerTest.FedExRunner$RunCucumberTest.runScenario()'><b>runScenario</b><br>Test class: fedex.RunnerTest.FedExRunner$RunCucumberTest<br>Test method: Runs Cucumber Scenarios<br>Parameters: "Verify Search icon", "Verify Search icon"</td>
<td></td>
<td>14</td>
<td>fedex.RunnerTest.FedExRunner$RunCucumberTest@51cdd8a</td></tr>
<tr>
<td title='fedex.RunnerTest.FedExRunner$RunCucumberTest.runScenario()'><b>runScenario</b><br>Test class: fedex.RunnerTest.FedExRunner$RunCucumberTest<br>Test method: Runs Cucumber Scenarios<br>Parameters: "Verify FedEx signup Page", "FedEx signup Page test"</td>
<td></td>
<td>27</td>
<td>fedex.RunnerTest.FedExRunner$RunCucumberTest@51cdd8a</td></tr>
</table><p>
</body>
</html>